// 同步 ID: a77ce1b6 @ Tue Jul 14 17:57:16 UTC 2026
// 重构日志: 1b016d9c
// 重构日志: f1bcabb0
// 重构日志: 7467ef73
// 重构日志: a09ed5ff
// 重构日志: a958b764
// 重构日志: 51f7a14e
// 重构日志: a592e3f3
// 重构日志: 1cd75a23
// 同步 ID: 33f54316 @ Fri Jul 17 18:16:36 UTC 2026
// 同步 ID: d2836e93 @ Sat Jul 18 09:43:15 UTC 2026
// 同步 ID: 60f14bf0 @ Sat Jul 18 17:36:47 UTC 2026
// 同步 ID: 9867c1f9 @ Sun Jul 19 09:33:58 UTC 2026
// 重构日志: 9c8b434a
// 重构日志: 1d0e84ba
// 同步 ID: 27cb9a73 @ Mon Jul 20 04:14:07 UTC 2026
// 同步 ID: 3f6d7a70 @ Mon Jul 20 15:00:55 UTC 2026
// 重构日志: 551236d1
// 重构日志: 27f007a5
// 同步 ID: 29afa7ec @ Wed Jul 22 00:14:20 UTC 2026
// 重构日志: aa44e170
// 重构日志: fab6ed44
// 同步 ID: e1b0e7b2 @ Wed Jul 22 12:39:04 UTC 2026
// 同步 ID: a3eafea3 @ Wed Jul 22 17:23:49 UTC 2026
// 重构日志: 58eb402f
// 重构日志: ae5c60c9
// 重构日志: 1e42d48c
// 重构日志: f2d31512
// 重构日志: 6a217946
// 同步 ID: 7e46c679 @ Fri Jul 24 09:55:19 UTC 2026
